2024-03-27T17:09:57.793+02:00  INFO 21112 --- [restartedMain] c.e.j.JavaTechTaskApplication            : Starting JavaTechTaskApplication using Java 17.0.5 with PID 21112 (C:\Users\Oleg Klimchuk\IdeaProjects\JavaTechTask\target\classes started by Oleg Klimchuk in C:\Users\Oleg Klimchuk\IdeaProjects\JavaTechTask)
2024-03-27T17:09:57.796+02:00  INFO 21112 --- [restartedMain] c.e.j.JavaTechTaskApplication            : No active profile set, falling back to 1 default profile: "default"
2024-03-27T17:09:57.850+02:00  INFO 21112 --- [restartedMain] .e.DevToolsPropertyDefaultsPostProcessor : Devtools property defaults active! Set 'spring.devtools.add-properties' to 'false' to disable
2024-03-27T17:09:57.851+02:00  INFO 21112 --- [restartedMain] .e.DevToolsPropertyDefaultsPostProcessor : For additional web related logging consider setting the 'logging.level.web' property to 'DEBUG'
2024-03-27T17:09:58.491+02:00  INFO 21112 --- [restartedMain] .s.d.r.c.RepositoryConfigurationDelegate : Bootstrapping Spring Data MongoDB repositories in DEFAULT mode.
2024-03-27T17:09:58.551+02:00  INFO 21112 --- [restartedMain] .s.d.r.c.RepositoryConfigurationDelegate : Finished Spring Data repository scanning in 55 ms. Found 3 MongoDB repository interfaces.
2024-03-27T17:09:58.984+02:00  INFO 21112 --- [restartedMain] o.s.b.w.embedded.tomcat.TomcatWebServer  : Tomcat initialized with port 8080 (http)
2024-03-27T17:09:58.999+02:00  INFO 21112 --- [restartedMain] o.apache.catalina.core.StandardService   : Starting service [Tomcat]
2024-03-27T17:09:59.000+02:00  INFO 21112 --- [restartedMain] o.apache.catalina.core.StandardEngine    : Starting Servlet engine: [Apache Tomcat/10.1.19]
2024-03-27T17:09:59.043+02:00  INFO 21112 --- [restartedMain] o.a.c.c.C.[Tomcat].[localhost].[/]       : Initializing Spring embedded WebApplicationContext
2024-03-27T17:09:59.043+02:00  INFO 21112 --- [restartedMain] w.s.c.ServletWebServerApplicationContext : Root WebApplicationContext: initialization completed in 1192 ms
2024-03-27T17:09:59.208+02:00  INFO 21112 --- [restartedMain] org.mongodb.driver.client                : MongoClient with metadata {"driver": {"name": "mongo-java-driver|sync", "version": "4.11.1"}, "os": {"type": "Windows", "name": "Windows 10", "architecture": "amd64", "version": "10.0"}, "platform": "Java/Oracle Corporation/17.0.5+9-LTS-191"} created with settings MongoClientSettings{readPreference=primary, writeConcern=WriteConcern{w=null, wTimeout=null ms, journal=null}, retryWrites=true, retryReads=true, readConcern=ReadConcern{level=null}, credential=null, transportSettings=null, streamFactoryFactory=null, commandListeners=[], codecRegistry=ProvidersCodecRegistry{codecProviders=[ValueCodecProvider{}, BsonValueCodecProvider{}, DBRefCodecProvider{}, DBObjectCodecProvider{}, DocumentCodecProvider{}, CollectionCodecProvider{}, IterableCodecProvider{}, MapCodecProvider{}, GeoJsonCodecProvider{}, GridFSFileCodecProvider{}, Jsr310CodecProvider{}, JsonObjectCodecProvider{}, BsonCodecProvider{}, EnumCodecProvider{}, com.mongodb.client.model.mql.ExpressionCodecProvider@4d4c0c8, com.mongodb.Jep395RecordCodecProvider@228f1ffd, com.mongodb.KotlinCodecProvider@79cce643]}, loggerSettings=LoggerSettings{maxDocumentLength=1000}, clusterSettings={hosts=[localhost:27017], srvServiceName=mongodb, mode=SINGLE, requiredClusterType=UNKNOWN, requiredReplicaSetName='null', serverSelector='null', clusterListeners='[]', serverSelectionTimeout='30000 ms', localThreshold='15 ms'}, socketSettings=SocketSettings{connectTimeoutMS=10000, readTimeoutMS=0, receiveBufferSize=0, proxySettings=ProxySettings{host=null, port=null, username=null, password=null}}, heartbeatSocketSettings=SocketSettings{connectTimeoutMS=10000, readTimeoutMS=10000, receiveBufferSize=0, proxySettings=ProxySettings{host=null, port=null, username=null, password=null}}, connectionPoolSettings=ConnectionPoolSettings{maxSize=100, minSize=0, maxWaitTimeMS=120000, maxConnectionLifeTimeMS=0, maxConnectionIdleTimeMS=0, maintenanceInitialDelayMS=0, maintenanceFrequencyMS=60000, connectionPoolListeners=[], maxConnecting=2}, serverSettings=ServerSettings{heartbeatFrequencyMS=10000, minHeartbeatFrequencyMS=500, serverListeners='[]', serverMonitorListeners='[]'}, sslSettings=SslSettings{enabled=false, invalidHostNameAllowed=false, context=null}, applicationName='null', compressorList=[], uuidRepresentation=STANDARD, serverApi=null, autoEncryptionSettings=null, dnsClient=null, inetAddressResolver=null, contextProvider=null}
2024-03-27T17:09:59.226+02:00  INFO 21112 --- [cluster-ClusterId{value='660436c7bfb8696fda81d9a7', description='null'}-localhost:27017] org.mongodb.driver.cluster               : Monitor thread successfully connected to server with description ServerDescription{address=localhost:27017, type=STANDALONE, state=CONNECTED, ok=true, minWireVersion=0, maxWireVersion=21, maxDocumentSize=16777216, logicalSessionTimeoutMinutes=30, roundTripTimeNanos=25721900}
2024-03-27T17:09:59.485+02:00  INFO 21112 --- [restartedMain] o.s.b.d.a.OptionalLiveReloadServer       : LiveReload server is running on port 35729
2024-03-27T17:09:59.884+02:00  INFO 21112 --- [restartedMain] o.s.b.w.embedded.tomcat.TomcatWebServer  : Tomcat started on port 8080 (http) with context path ''
2024-03-27T17:09:59.893+02:00  INFO 21112 --- [restartedMain] c.e.j.JavaTechTaskApplication            : Started JavaTechTaskApplication in 2.498 seconds (process running for 3.196)
2024-03-27T17:10:04.417+02:00  INFO 21112 --- [http-nio-8080-exec-1] o.a.c.c.C.[Tomcat].[localhost].[/]       : Initializing Spring DispatcherServlet 'dispatcherServlet'
2024-03-27T17:10:04.418+02:00  INFO 21112 --- [http-nio-8080-exec-1] o.s.web.servlet.DispatcherServlet        : Initializing Servlet 'dispatcherServlet'
2024-03-27T17:10:04.419+02:00  INFO 21112 --- [http-nio-8080-exec-1] o.s.web.servlet.DispatcherServlet        : Completed initialization in 1 ms
2024-03-27T17:10:04.456+02:00  INFO 21112 --- [http-nio-8080-exec-1] c.e.javatechtask.controllers.ReportTest  : Search by this date - 2024-02-17
2024-03-27T17:10:04.491+02:00 DEBUG 21112 --- [http-nio-8080-exec-1] o.s.data.mongodb.core.MongoTemplate      : find using query: { "date" : "2024-02-17"} fields: Document{{}} for class: class com.example.javatechtask.models.SalesAndTrafficByDate in collection: salesAndTrafficByDate
2024-03-27T17:11:36.201+02:00  INFO 12364 --- [restartedMain] c.e.j.JavaTechTaskApplication            : Starting JavaTechTaskApplication using Java 17.0.5 with PID 12364 (C:\Users\Oleg Klimchuk\IdeaProjects\JavaTechTask\target\classes started by Oleg Klimchuk in C:\Users\Oleg Klimchuk\IdeaProjects\JavaTechTask)
2024-03-27T17:11:36.203+02:00  INFO 12364 --- [restartedMain] c.e.j.JavaTechTaskApplication            : No active profile set, falling back to 1 default profile: "default"
2024-03-27T17:11:36.244+02:00  INFO 12364 --- [restartedMain] .e.DevToolsPropertyDefaultsPostProcessor : Devtools property defaults active! Set 'spring.devtools.add-properties' to 'false' to disable
2024-03-27T17:11:36.245+02:00  INFO 12364 --- [restartedMain] .e.DevToolsPropertyDefaultsPostProcessor : For additional web related logging consider setting the 'logging.level.web' property to 'DEBUG'
2024-03-27T17:11:36.789+02:00  INFO 12364 --- [restartedMain] .s.d.r.c.RepositoryConfigurationDelegate : Bootstrapping Spring Data MongoDB repositories in DEFAULT mode.
2024-03-27T17:11:36.846+02:00  INFO 12364 --- [restartedMain] .s.d.r.c.RepositoryConfigurationDelegate : Finished Spring Data repository scanning in 53 ms. Found 3 MongoDB repository interfaces.
2024-03-27T17:11:37.220+02:00  INFO 12364 --- [restartedMain] o.s.b.w.embedded.tomcat.TomcatWebServer  : Tomcat initialized with port 8080 (http)
2024-03-27T17:11:37.229+02:00  INFO 12364 --- [restartedMain] o.apache.catalina.core.StandardService   : Starting service [Tomcat]
2024-03-27T17:11:37.229+02:00  INFO 12364 --- [restartedMain] o.apache.catalina.core.StandardEngine    : Starting Servlet engine: [Apache Tomcat/10.1.19]
2024-03-27T17:11:37.264+02:00  INFO 12364 --- [restartedMain] o.a.c.c.C.[Tomcat].[localhost].[/]       : Initializing Spring embedded WebApplicationContext
2024-03-27T17:11:37.265+02:00  INFO 12364 --- [restartedMain] w.s.c.ServletWebServerApplicationContext : Root WebApplicationContext: initialization completed in 1019 ms
2024-03-27T17:11:37.396+02:00  INFO 12364 --- [restartedMain] org.mongodb.driver.client                : MongoClient with metadata {"driver": {"name": "mongo-java-driver|sync", "version": "4.11.1"}, "os": {"type": "Windows", "name": "Windows 10", "architecture": "amd64", "version": "10.0"}, "platform": "Java/Oracle Corporation/17.0.5+9-LTS-191"} created with settings MongoClientSettings{readPreference=primary, writeConcern=WriteConcern{w=null, wTimeout=null ms, journal=null}, retryWrites=true, retryReads=true, readConcern=ReadConcern{level=null}, credential=null, transportSettings=null, streamFactoryFactory=null, commandListeners=[], codecRegistry=ProvidersCodecRegistry{codecProviders=[ValueCodecProvider{}, BsonValueCodecProvider{}, DBRefCodecProvider{}, DBObjectCodecProvider{}, DocumentCodecProvider{}, CollectionCodecProvider{}, IterableCodecProvider{}, MapCodecProvider{}, GeoJsonCodecProvider{}, GridFSFileCodecProvider{}, Jsr310CodecProvider{}, JsonObjectCodecProvider{}, BsonCodecProvider{}, EnumCodecProvider{}, com.mongodb.client.model.mql.ExpressionCodecProvider@14091710, com.mongodb.Jep395RecordCodecProvider@13c832eb, com.mongodb.KotlinCodecProvider@744e35c0]}, loggerSettings=LoggerSettings{maxDocumentLength=1000}, clusterSettings={hosts=[localhost:27017], srvServiceName=mongodb, mode=SINGLE, requiredClusterType=UNKNOWN, requiredReplicaSetName='null', serverSelector='null', clusterListeners='[]', serverSelectionTimeout='30000 ms', localThreshold='15 ms'}, socketSettings=SocketSettings{connectTimeoutMS=10000, readTimeoutMS=0, receiveBufferSize=0, proxySettings=ProxySettings{host=null, port=null, username=null, password=null}}, heartbeatSocketSettings=SocketSettings{connectTimeoutMS=10000, readTimeoutMS=10000, receiveBufferSize=0, proxySettings=ProxySettings{host=null, port=null, username=null, password=null}}, connectionPoolSettings=ConnectionPoolSettings{maxSize=100, minSize=0, maxWaitTimeMS=120000, maxConnectionLifeTimeMS=0, maxConnectionIdleTimeMS=0, maintenanceInitialDelayMS=0, maintenanceFrequencyMS=60000, connectionPoolListeners=[], maxConnecting=2}, serverSettings=ServerSettings{heartbeatFrequencyMS=10000, minHeartbeatFrequencyMS=500, serverListeners='[]', serverMonitorListeners='[]'}, sslSettings=SslSettings{enabled=false, invalidHostNameAllowed=false, context=null}, applicationName='null', compressorList=[], uuidRepresentation=STANDARD, serverApi=null, autoEncryptionSettings=null, dnsClient=null, inetAddressResolver=null, contextProvider=null}
2024-03-27T17:11:37.405+02:00  INFO 12364 --- [cluster-ClusterId{value='66043729fd5a955f01fe4ad0', description='null'}-localhost:27017] org.mongodb.driver.cluster               : Monitor thread successfully connected to server with description ServerDescription{address=localhost:27017, type=STANDALONE, state=CONNECTED, ok=true, minWireVersion=0, maxWireVersion=21, maxDocumentSize=16777216, logicalSessionTimeoutMinutes=30, roundTripTimeNanos=15994400}
2024-03-27T17:11:37.617+02:00  INFO 12364 --- [restartedMain] o.s.b.d.a.OptionalLiveReloadServer       : LiveReload server is running on port 35729
2024-03-27T17:11:37.973+02:00  INFO 12364 --- [restartedMain] o.s.b.w.embedded.tomcat.TomcatWebServer  : Tomcat started on port 8080 (http) with context path ''
2024-03-27T17:11:37.982+02:00  INFO 12364 --- [restartedMain] c.e.j.JavaTechTaskApplication            : Started JavaTechTaskApplication in 2.11 seconds (process running for 2.61)
2024-03-27T17:11:42.046+02:00  INFO 12364 --- [http-nio-8080-exec-2] o.a.c.c.C.[Tomcat].[localhost].[/]       : Initializing Spring DispatcherServlet 'dispatcherServlet'
2024-03-27T17:11:42.046+02:00  INFO 12364 --- [http-nio-8080-exec-2] o.s.web.servlet.DispatcherServlet        : Initializing Servlet 'dispatcherServlet'
2024-03-27T17:11:42.047+02:00  INFO 12364 --- [http-nio-8080-exec-2] o.s.web.servlet.DispatcherServlet        : Completed initialization in 1 ms
2024-03-27T17:11:42.083+02:00  INFO 12364 --- [http-nio-8080-exec-2] c.e.javatechtask.controllers.ReportTest  : Search by this date - 2024-02-17
2024-03-27T17:12:08.448+02:00  INFO 11748 --- [restartedMain] c.e.j.JavaTechTaskApplication            : Starting JavaTechTaskApplication using Java 17.0.5 with PID 11748 (C:\Users\Oleg Klimchuk\IdeaProjects\JavaTechTask\target\classes started by Oleg Klimchuk in C:\Users\Oleg Klimchuk\IdeaProjects\JavaTechTask)
2024-03-27T17:12:08.450+02:00  INFO 11748 --- [restartedMain] c.e.j.JavaTechTaskApplication            : No active profile set, falling back to 1 default profile: "default"
2024-03-27T17:12:08.496+02:00  INFO 11748 --- [restartedMain] .e.DevToolsPropertyDefaultsPostProcessor : Devtools property defaults active! Set 'spring.devtools.add-properties' to 'false' to disable
2024-03-27T17:12:08.496+02:00  INFO 11748 --- [restartedMain] .e.DevToolsPropertyDefaultsPostProcessor : For additional web related logging consider setting the 'logging.level.web' property to 'DEBUG'
2024-03-27T17:12:09.120+02:00  INFO 11748 --- [restartedMain] .s.d.r.c.RepositoryConfigurationDelegate : Bootstrapping Spring Data MongoDB repositories in DEFAULT mode.
2024-03-27T17:12:09.185+02:00  INFO 11748 --- [restartedMain] .s.d.r.c.RepositoryConfigurationDelegate : Finished Spring Data repository scanning in 60 ms. Found 3 MongoDB repository interfaces.
2024-03-27T17:12:09.665+02:00  INFO 11748 --- [restartedMain] o.s.b.w.embedded.tomcat.TomcatWebServer  : Tomcat initialized with port 8080 (http)
2024-03-27T17:12:09.679+02:00  INFO 11748 --- [restartedMain] o.apache.catalina.core.StandardService   : Starting service [Tomcat]
2024-03-27T17:12:09.680+02:00  INFO 11748 --- [restartedMain] o.apache.catalina.core.StandardEngine    : Starting Servlet engine: [Apache Tomcat/10.1.19]
2024-03-27T17:12:09.731+02:00  INFO 11748 --- [restartedMain] o.a.c.c.C.[Tomcat].[localhost].[/]       : Initializing Spring embedded WebApplicationContext
2024-03-27T17:12:09.734+02:00  INFO 11748 --- [restartedMain] w.s.c.ServletWebServerApplicationContext : Root WebApplicationContext: initialization completed in 1238 ms
2024-03-27T17:12:09.957+02:00  INFO 11748 --- [restartedMain] org.mongodb.driver.client                : MongoClient with metadata {"driver": {"name": "mongo-java-driver|sync", "version": "4.11.1"}, "os": {"type": "Windows", "name": "Windows 10", "architecture": "amd64", "version": "10.0"}, "platform": "Java/Oracle Corporation/17.0.5+9-LTS-191"} created with settings MongoClientSettings{readPreference=primary, writeConcern=WriteConcern{w=null, wTimeout=null ms, journal=null}, retryWrites=true, retryReads=true, readConcern=ReadConcern{level=null}, credential=null, transportSettings=null, streamFactoryFactory=null, commandListeners=[], codecRegistry=ProvidersCodecRegistry{codecProviders=[ValueCodecProvider{}, BsonValueCodecProvider{}, DBRefCodecProvider{}, DBObjectCodecProvider{}, DocumentCodecProvider{}, CollectionCodecProvider{}, IterableCodecProvider{}, MapCodecProvider{}, GeoJsonCodecProvider{}, GridFSFileCodecProvider{}, Jsr310CodecProvider{}, JsonObjectCodecProvider{}, BsonCodecProvider{}, EnumCodecProvider{}, com.mongodb.client.model.mql.ExpressionCodecProvider@4170ab5c, com.mongodb.Jep395RecordCodecProvider@3664498f, com.mongodb.KotlinCodecProvider@94c63e2]}, loggerSettings=LoggerSettings{maxDocumentLength=1000}, clusterSettings={hosts=[localhost:27017], srvServiceName=mongodb, mode=SINGLE, requiredClusterType=UNKNOWN, requiredReplicaSetName='null', serverSelector='null', clusterListeners='[]', serverSelectionTimeout='30000 ms', localThreshold='15 ms'}, socketSettings=SocketSettings{connectTimeoutMS=10000, readTimeoutMS=0, receiveBufferSize=0, proxySettings=ProxySettings{host=null, port=null, username=null, password=null}}, heartbeatSocketSettings=SocketSettings{connectTimeoutMS=10000, readTimeoutMS=10000, receiveBufferSize=0, proxySettings=ProxySettings{host=null, port=null, username=null, password=null}}, connectionPoolSettings=ConnectionPoolSettings{maxSize=100, minSize=0, maxWaitTimeMS=120000, maxConnectionLifeTimeMS=0, maxConnectionIdleTimeMS=0, maintenanceInitialDelayMS=0, maintenanceFrequencyMS=60000, connectionPoolListeners=[], maxConnecting=2}, serverSettings=ServerSettings{heartbeatFrequencyMS=10000, minHeartbeatFrequencyMS=500, serverListeners='[]', serverMonitorListeners='[]'}, sslSettings=SslSettings{enabled=false, invalidHostNameAllowed=false, context=null}, applicationName='null', compressorList=[], uuidRepresentation=STANDARD, serverApi=null, autoEncryptionSettings=null, dnsClient=null, inetAddressResolver=null, contextProvider=null}
2024-03-27T17:12:09.968+02:00  INFO 11748 --- [cluster-ClusterId{value='66043749a50a707d83dcadb2', description='null'}-localhost:27017] org.mongodb.driver.cluster               : Monitor thread successfully connected to server with description ServerDescription{address=localhost:27017, type=STANDALONE, state=CONNECTED, ok=true, minWireVersion=0, maxWireVersion=21, maxDocumentSize=16777216, logicalSessionTimeoutMinutes=30, roundTripTimeNanos=26007000}
2024-03-27T17:12:10.371+02:00  INFO 11748 --- [restartedMain] o.s.b.d.a.OptionalLiveReloadServer       : LiveReload server is running on port 35729
2024-03-27T17:12:10.809+02:00  INFO 11748 --- [restartedMain] o.s.b.w.embedded.tomcat.TomcatWebServer  : Tomcat started on port 8080 (http) with context path ''
2024-03-27T17:12:10.821+02:00  INFO 11748 --- [restartedMain] c.e.j.JavaTechTaskApplication            : Started JavaTechTaskApplication in 2.851 seconds (process running for 3.463)
2024-03-27T17:12:23.039+02:00  INFO 11748 --- [http-nio-8080-exec-2] o.a.c.c.C.[Tomcat].[localhost].[/]       : Initializing Spring DispatcherServlet 'dispatcherServlet'
2024-03-27T17:12:23.040+02:00  INFO 11748 --- [http-nio-8080-exec-2] o.s.web.servlet.DispatcherServlet        : Initializing Servlet 'dispatcherServlet'
2024-03-27T17:12:23.041+02:00  INFO 11748 --- [http-nio-8080-exec-2] o.s.web.servlet.DispatcherServlet        : Completed initialization in 1 ms
2024-03-27T17:12:23.078+02:00  INFO 11748 --- [http-nio-8080-exec-2] c.e.javatechtask.controllers.ReportTest  : Search by this date - 2024-02-17
2024-03-27T17:12:23.118+02:00 DEBUG 11748 --- [http-nio-8080-exec-2] o.s.data.mongodb.core.MongoTemplate      : find using query: { "date" : "2024-02-17"} fields: Document{{}} for class: class com.example.javatechtask.models.SalesAndTrafficByDate in collection: salesAndTrafficByDate
2024-03-27T17:13:52.679+02:00  INFO 11748 --- [http-nio-8080-exec-5] c.e.javatechtask.controllers.ReportTest  : Search by this date - 2024-02-17
2024-03-27T17:13:52.680+02:00 DEBUG 11748 --- [http-nio-8080-exec-5] o.s.data.mongodb.core.MongoTemplate      : find using query: { "date" : "2024-02-17"} fields: Document{{}} for class: class com.example.javatechtask.models.SalesAndTrafficByDate in collection: salesAndTrafficByDate
