2024-03-27T17:19:47.456+02:00  INFO 3580 --- [http-nio-8080-exec-5] c.e.javatechtask.controllers.ReportTest  : Search by this date - 2024-02-17
2024-03-27T17:19:47.457+02:00 DEBUG 3580 --- [http-nio-8080-exec-5] o.s.data.mongodb.core.MongoTemplate      : find using query: { "date" : "2024-02-17"} fields: Document{{}} for class: class com.example.javatechtask.models.SalesAndTrafficByDate in collection: salesAndTrafficByDate
2024-03-27T17:21:17.389+02:00  INFO 3580 --- [http-nio-8080-exec-6] c.e.javatechtask.controllers.ReportTest  : Search by this date - 2024-02-15 2024-02-18
2024-03-27T17:21:17.390+02:00 DEBUG 3580 --- [http-nio-8080-exec-6] o.s.data.mongodb.core.MongoTemplate      : find using query: { "date" : { "$gt" : "2024-02-15", "$lt" : "2024-02-18"}} fields: Document{{}} for class: class com.example.javatechtask.models.SalesAndTrafficByDate in collection: salesAndTrafficByDate
2024-03-27T17:23:18.986+02:00  INFO 23772 --- [restartedMain] c.e.j.JavaTechTaskApplication            : Starting JavaTechTaskApplication using Java 17.0.5 with PID 23772 (C:\Users\Oleg Klimchuk\IdeaProjects\JavaTechTask\target\classes started by Oleg Klimchuk in C:\Users\Oleg Klimchuk\IdeaProjects\JavaTechTask)
2024-03-27T17:23:18.988+02:00  INFO 23772 --- [restartedMain] c.e.j.JavaTechTaskApplication            : No active profile set, falling back to 1 default profile: "default"
2024-03-27T17:23:19.030+02:00  INFO 23772 --- [restartedMain] .e.DevToolsPropertyDefaultsPostProcessor : Devtools property defaults active! Set 'spring.devtools.add-properties' to 'false' to disable
2024-03-27T17:23:19.031+02:00  INFO 23772 --- [restartedMain] .e.DevToolsPropertyDefaultsPostProcessor : For additional web related logging consider setting the 'logging.level.web' property to 'DEBUG'
2024-03-27T17:23:19.593+02:00  INFO 23772 --- [restartedMain] .s.d.r.c.RepositoryConfigurationDelegate : Bootstrapping Spring Data MongoDB repositories in DEFAULT mode.
2024-03-27T17:23:19.647+02:00  INFO 23772 --- [restartedMain] .s.d.r.c.RepositoryConfigurationDelegate : Finished Spring Data repository scanning in 51 ms. Found 3 MongoDB repository interfaces.
2024-03-27T17:23:20.015+02:00  INFO 23772 --- [restartedMain] o.s.b.w.embedded.tomcat.TomcatWebServer  : Tomcat initialized with port 8080 (http)
2024-03-27T17:23:20.024+02:00  INFO 23772 --- [restartedMain] o.apache.catalina.core.StandardService   : Starting service [Tomcat]
2024-03-27T17:23:20.024+02:00  INFO 23772 --- [restartedMain] o.apache.catalina.core.StandardEngine    : Starting Servlet engine: [Apache Tomcat/10.1.19]
2024-03-27T17:23:20.058+02:00  INFO 23772 --- [restartedMain] o.a.c.c.C.[Tomcat].[localhost].[/]       : Initializing Spring embedded WebApplicationContext
2024-03-27T17:23:20.059+02:00  INFO 23772 --- [restartedMain] w.s.c.ServletWebServerApplicationContext : Root WebApplicationContext: initialization completed in 1028 ms
2024-03-27T17:23:20.191+02:00  INFO 23772 --- [restartedMain] org.mongodb.driver.client                : MongoClient with metadata {"driver": {"name": "mongo-java-driver|sync", "version": "4.11.1"}, "os": {"type": "Windows", "name": "Windows 10", "architecture": "amd64", "version": "10.0"}, "platform": "Java/Oracle Corporation/17.0.5+9-LTS-191"} created with settings MongoClientSettings{readPreference=primary, writeConcern=WriteConcern{w=null, wTimeout=null ms, journal=null}, retryWrites=true, retryReads=true, readConcern=ReadConcern{level=null}, credential=null, transportSettings=null, streamFactoryFactory=null, commandListeners=[], codecRegistry=ProvidersCodecRegistry{codecProviders=[ValueCodecProvider{}, BsonValueCodecProvider{}, DBRefCodecProvider{}, DBObjectCodecProvider{}, DocumentCodecProvider{}, CollectionCodecProvider{}, IterableCodecProvider{}, MapCodecProvider{}, GeoJsonCodecProvider{}, GridFSFileCodecProvider{}, Jsr310CodecProvider{}, JsonObjectCodecProvider{}, BsonCodecProvider{}, EnumCodecProvider{}, com.mongodb.client.model.mql.ExpressionCodecProvider@6704d5bc, com.mongodb.Jep395RecordCodecProvider@6829da9d, com.mongodb.KotlinCodecProvider@5eb0b50a]}, loggerSettings=LoggerSettings{maxDocumentLength=1000}, clusterSettings={hosts=[localhost:27017], srvServiceName=mongodb, mode=SINGLE, requiredClusterType=UNKNOWN, requiredReplicaSetName='null', serverSelector='null', clusterListeners='[]', serverSelectionTimeout='30000 ms', localThreshold='15 ms'}, socketSettings=SocketSettings{connectTimeoutMS=10000, readTimeoutMS=0, receiveBufferSize=0, proxySettings=ProxySettings{host=null, port=null, username=null, password=null}}, heartbeatSocketSettings=SocketSettings{connectTimeoutMS=10000, readTimeoutMS=10000, receiveBufferSize=0, proxySettings=ProxySettings{host=null, port=null, username=null, password=null}}, connectionPoolSettings=ConnectionPoolSettings{maxSize=100, minSize=0, maxWaitTimeMS=120000, maxConnectionLifeTimeMS=0, maxConnectionIdleTimeMS=0, maintenanceInitialDelayMS=0, maintenanceFrequencyMS=60000, connectionPoolListeners=[], maxConnecting=2}, serverSettings=ServerSettings{heartbeatFrequencyMS=10000, minHeartbeatFrequencyMS=500, serverListeners='[]', serverMonitorListeners='[]'}, sslSettings=SslSettings{enabled=false, invalidHostNameAllowed=false, context=null}, applicationName='null', compressorList=[], uuidRepresentation=STANDARD, serverApi=null, autoEncryptionSettings=null, dnsClient=null, inetAddressResolver=null, contextProvider=null}
2024-03-27T17:23:20.201+02:00  INFO 23772 --- [cluster-ClusterId{value='660439e8fcf59c2fdde4ee54', description='null'}-localhost:27017] org.mongodb.driver.cluster               : Monitor thread successfully connected to server with description ServerDescription{address=localhost:27017, type=STANDALONE, state=CONNECTED, ok=true, minWireVersion=0, maxWireVersion=21, maxDocumentSize=16777216, logicalSessionTimeoutMinutes=30, roundTripTimeNanos=18929000}
2024-03-27T17:23:20.412+02:00  INFO 23772 --- [restartedMain] o.s.b.d.a.OptionalLiveReloadServer       : LiveReload server is running on port 35729
2024-03-27T17:23:20.776+02:00  INFO 23772 --- [restartedMain] o.s.b.w.embedded.tomcat.TomcatWebServer  : Tomcat started on port 8080 (http) with context path ''
2024-03-27T17:23:20.786+02:00  INFO 23772 --- [restartedMain] c.e.j.JavaTechTaskApplication            : Started JavaTechTaskApplication in 2.125 seconds (process running for 2.661)
2024-03-27T17:23:34.164+02:00  INFO 23772 --- [http-nio-8080-exec-1] o.a.c.c.C.[Tomcat].[localhost].[/]       : Initializing Spring DispatcherServlet 'dispatcherServlet'
2024-03-27T17:23:34.165+02:00  INFO 23772 --- [http-nio-8080-exec-1] o.s.web.servlet.DispatcherServlet        : Initializing Servlet 'dispatcherServlet'
2024-03-27T17:23:34.166+02:00  INFO 23772 --- [http-nio-8080-exec-1] o.s.web.servlet.DispatcherServlet        : Completed initialization in 1 ms
2024-03-27T17:23:34.196+02:00  INFO 23772 --- [http-nio-8080-exec-1] c.e.javatechtask.controllers.ReportTest  : Search by this date - 2024-02-17
2024-03-27T17:23:34.215+02:00 DEBUG 23772 --- [http-nio-8080-exec-1] o.s.data.mongodb.core.MongoTemplate      : find using query: { "date" : "2024-02-17"} fields: Document{{}} for class: class com.example.javatechtask.models.SalesAndTrafficByDate in collection: salesAndTrafficByDate
